The system is: Darwin - 15.4.0 - x86_64
Compiling the C compiler identification source file "CMakeCCompilerId.c" succeeded.
Compiler: /Applications/Xcode.app/Contents/Developer/Toolchains/XcodeDefault.xctoolchain/usr/bin/cc 
Build flags: 
Id flags: 

The output was:
0


Compilation of the C compiler identification source "CMakeCCompilerId.c" produced "a.out"

The C compiler identification is AppleClang, found in "/Users/jschultz/Source/wxde/metro4j/build/CMakeFiles/3.5.0/CompilerIdC/a.out"

Compiling the Fortran compiler identification source file "CMakeFortranCompilerId.F" succeeded.
Compiler: /usr/local/bin/gfortran 
Build flags: 
Id flags: -v

The output was:
0
Driving: /usr/local/bin/gfortran -mmacosx-version-min=10.11.4 -v CMakeFortranCompilerId.F -l gfortran -shared-libgcc
Using built-in specs.
COLLECT_GCC=/usr/local/bin/gfortran
COLLECT_LTO_WRAPPER=/usr/local/Cellar/gcc/5.3.0/libexec/gcc/x86_64-apple-darwin15.0.0/5.3.0/lto-wrapper
Target: x86_64-apple-darwin15.0.0
Configured with: ../configure --build=x86_64-apple-darwin15.0.0 --prefix=/usr/local/Cellar/gcc/5.3.0 --libdir=/usr/local/Cellar/gcc/5.3.0/lib/gcc/5 --enable-languages=c,c++,objc,obj-c++,fortran --program-suffix=-5 --with-gmp=/usr/local/opt/gmp --with-mpfr=/usr/local/opt/mpfr --with-mpc=/usr/local/opt/libmpc --with-isl=/usr/local/opt/isl --with-system-zlib --enable-libstdcxx-time=yes --enable-stage1-checking --enable-checking=release --enable-lto --with-build-config=bootstrap-debug --disable-werror --with-pkgversion='Homebrew gcc 5.3.0' --with-bugurl=https://github.com/Homebrew/homebrew/issues --enable-plugin --disable-nls --enable-multilib
Thread model: posix
gcc version 5.3.0 (Homebrew gcc 5.3.0) 
COLLECT_GCC_OPTIONS='-mmacosx-version-min=10.11.4' '-v' '-shared-libgcc' '-mtune=core2'
 /usr/local/Cellar/gcc/5.3.0/libexec/gcc/x86_64-apple-darwin15.0.0/5.3.0/f951 CMakeFortranCompilerId.F -ffixed-form -cpp=/var/folders/c1/fvlpf6x50376yhdcg7p9w3gm0000gn/T//cc945PuZ.f90 -quiet -v -D__DYNAMIC__ CMakeFortranCompilerId.F -fPIC -quiet -dumpbase CMakeFortranCompilerId.F -mmacosx-version-min=10.11.4 -mtune=core2 -auxbase CMakeFortranCompilerId -version -fintrinsic-modules-path /usr/local/Cellar/gcc/5.3.0/lib/gcc/5/gcc/x86_64-apple-darwin15.0.0/5.3.0/finclude -o /var/folders/c1/fvlpf6x50376yhdcg7p9w3gm0000gn/T//ccoHHkyp.s
GNU Fortran (Homebrew gcc 5.3.0) version 5.3.0 (x86_64-apple-darwin15.0.0)
	compiled by GNU C version 5.3.0, GMP version 6.1.0, MPFR version 3.1.3-p2, MPC version 1.0.3
GGC heuristics: --param ggc-min-expand=100 --param ggc-min-heapsize=131072
ignoring nonexistent directory "/usr/local/Cellar/gcc/5.3.0/lib/gcc/5/gcc/x86_64-apple-darwin15.0.0/5.3.0/../../../../../../x86_64-apple-darwin15.0.0/include"
#include "..." search starts here:
#include <...> search starts here:
 /usr/local/Cellar/gcc/5.3.0/lib/gcc/5/gcc/x86_64-apple-darwin15.0.0/5.3.0/finclude
 /usr/local/Cellar/gcc/5.3.0/lib/gcc/5/gcc/x86_64-apple-darwin15.0.0/5.3.0/include
 /usr/local/include
 /usr/local/Cellar/gcc/5.3.0/include
 /usr/local/Cellar/gcc/5.3.0/lib/gcc/5/gcc/x86_64-apple-darwin15.0.0/5.3.0/include-fixed
 /usr/include
End of search list.
GNU Fortran2008 (Homebrew gcc 5.3.0) version 5.3.0 (x86_64-apple-darwin15.0.0)
	compiled by GNU C version 5.3.0, GMP version 6.1.0, MPFR version 3.1.3-p2, MPC version 1.0.3
GGC heuristics: --param ggc-min-expand=100 --param ggc-min-heapsize=131072
COLLECT_GCC_OPTIONS='-mmacosx-version-min=10.11.4' '-v' '-shared-libgcc' '-mtune=core2'
 as -arch x86_64 -force_cpusubtype_ALL -o /var/folders/c1/fvlpf6x50376yhdcg7p9w3gm0000gn/T//cctWdfii.o /var/folders/c1/fvlpf6x50376yhdcg7p9w3gm0000gn/T//ccoHHkyp.s
Reading specs from /usr/local/Cellar/gcc/5.3.0/lib/gcc/5/gcc/x86_64-apple-darwin15.0.0/5.3.0/../../../libgfortran.spec
rename spec lib to liborig
COLLECT_GCC_OPTIONS='-mmacosx-version-min=10.11.4' '-v' '-shared-libgcc' '-mtune=core2'
COMPILER_PATH=/usr/local/Cellar/gcc/5.3.0/libexec/gcc/x86_64-apple-darwin15.0.0/5.3.0/:/usr/local/Cellar/gcc/5.3.0/libexec/gcc/x86_64-apple-darwin15.0.0/5.3.0/:/usr/local/Cellar/gcc/5.3.0/libexec/gcc/x86_64-apple-darwin15.0.0/:/usr/local/Cellar/gcc/5.3.0/lib/gcc/5/gcc/x86_64-apple-darwin15.0.0/5.3.0/:/usr/local/Cellar/gcc/5.3.0/lib/gcc/5/gcc/x86_64-apple-darwin15.0.0/
LIBRARY_PATH=/usr/local/Cellar/gcc/5.3.0/lib/gcc/5/gcc/x86_64-apple-darwin15.0.0/5.3.0/:/usr/local/Cellar/gcc/5.3.0/lib/gcc/5/gcc/x86_64-apple-darwin15.0.0/5.3.0/../../../:/usr/lib/
COLLECT_GCC_OPTIONS='-mmacosx-version-min=10.11.4' '-v' '-shared-libgcc' '-mtune=core2'
 /usr/local/Cellar/gcc/5.3.0/libexec/gcc/x86_64-apple-darwin15.0.0/5.3.0/collect2 -dynamic -arch x86_64 -macosx_version_min 10.11.4 -weak_reference_mismatches non-weak -o a.out -L/usr/local/Cellar/gcc/5.3.0/lib/gcc/5/gcc/x86_64-apple-darwin15.0.0/5.3.0 -L/usr/local/Cellar/gcc/5.3.0/lib/gcc/5/gcc/x86_64-apple-darwin15.0.0/5.3.0/../../.. /var/folders/c1/fvlpf6x50376yhdcg7p9w3gm0000gn/T//cctWdfii.o -lgfortran -no_compact_unwind -lSystem -lgcc_ext.10.5 -lgcc -lquadmath -lm -lgcc_ext.10.5 -lgcc -lSystem -v
collect2 version 5.3.0
/usr/bin/ld -dynamic -arch x86_64 -macosx_version_min 10.11.4 -weak_reference_mismatches non-weak -o a.out -L/usr/local/Cellar/gcc/5.3.0/lib/gcc/5/gcc/x86_64-apple-darwin15.0.0/5.3.0 -L/usr/local/Cellar/gcc/5.3.0/lib/gcc/5/gcc/x86_64-apple-darwin15.0.0/5.3.0/../../.. /var/folders/c1/fvlpf6x50376yhdcg7p9w3gm0000gn/T//cctWdfii.o -lgfortran -no_compact_unwind -lSystem -lgcc_ext.10.5 -lgcc -lquadmath -lm -lgcc_ext.10.5 -lgcc -lSystem -v
@(#)PROGRAM:ld  PROJECT:ld64-264.3.101
configured to support archs: armv6 armv7 armv7s arm64 i386 x86_64 x86_64h armv6m armv7k armv7m armv7em (tvOS)
Library search paths:
	/usr/local/Cellar/gcc/5.3.0/lib/gcc/5/gcc/x86_64-apple-darwin15.0.0/5.3.0
	/usr/local/Cellar/gcc/5.3.0/lib/gcc/5
	/usr/lib
	/usr/local/lib
Framework search paths:
	/Library/Frameworks/
	/System/Library/Frameworks/
 /usr/local/bin/gnm -n /var/folders/c1/fvlpf6x50376yhdcg7p9w3gm0000gn/T//cctWdfii.o


Compilation of the Fortran compiler identification source "CMakeFortranCompilerId.F" produced "a.out"

The Fortran compiler identification is GNU, found in "/Users/jschultz/Source/wxde/metro4j/build/CMakeFiles/3.5.0/CompilerIdFortran/a.out"

Determining if the C compiler works passed with the following output:
Change Dir: /Users/jschultz/Source/wxde/metro4j/build/CMakeFiles/CMakeTmp

Run Build Command:"/usr/bin/make" "cmTC_e5cd5/fast"
/Applications/Xcode.app/Contents/Developer/usr/bin/make -f CMakeFiles/cmTC_e5cd5.dir/build.make CMakeFiles/cmTC_e5cd5.dir/build
Building C object CMakeFiles/cmTC_e5cd5.dir/testCCompiler.c.o
/Applications/Xcode.app/Contents/Developer/Toolchains/XcodeDefault.xctoolchain/usr/bin/cc     -o CMakeFiles/cmTC_e5cd5.dir/testCCompiler.c.o   -c /Users/jschultz/Source/wxde/metro4j/build/CMakeFiles/CMakeTmp/testCCompiler.c
Linking C executable cmTC_e5cd5
/usr/local/Cellar/cmake/3.5.0/bin/cmake -E cmake_link_script CMakeFiles/cmTC_e5cd5.dir/link.txt --verbose=1
/Applications/Xcode.app/Contents/Developer/Toolchains/XcodeDefault.xctoolchain/usr/bin/cc    -Wl,-search_paths_first -Wl,-headerpad_max_install_names   CMakeFiles/cmTC_e5cd5.dir/testCCompiler.c.o  -o cmTC_e5cd5  


Detecting C compiler ABI info compiled with the following output:
Change Dir: /Users/jschultz/Source/wxde/metro4j/build/CMakeFiles/CMakeTmp

Run Build Command:"/usr/bin/make" "cmTC_80d01/fast"
/Applications/Xcode.app/Contents/Developer/usr/bin/make -f CMakeFiles/cmTC_80d01.dir/build.make CMakeFiles/cmTC_80d01.dir/build
Building C object CMakeFiles/cmTC_80d01.dir/CMakeCCompilerABI.c.o
/Applications/Xcode.app/Contents/Developer/Toolchains/XcodeDefault.xctoolchain/usr/bin/cc     -o CMakeFiles/cmTC_80d01.dir/CMakeCCompilerABI.c.o   -c /usr/local/Cellar/cmake/3.5.0/share/cmake/Modules/CMakeCCompilerABI.c
Linking C executable cmTC_80d01
/usr/local/Cellar/cmake/3.5.0/bin/cmake -E cmake_link_script CMakeFiles/cmTC_80d01.dir/link.txt --verbose=1
/Applications/Xcode.app/Contents/Developer/Toolchains/XcodeDefault.xctoolchain/usr/bin/cc    -Wl,-search_paths_first -Wl,-headerpad_max_install_names  -v -Wl,-v CMakeFiles/cmTC_80d01.dir/CMakeCCompilerABI.c.o  -o cmTC_80d01   
Apple LLVM version 7.3.0 (clang-703.0.29)
Target: x86_64-apple-darwin15.4.0
Thread model: posix
InstalledDir: /Applications/Xcode.app/Contents/Developer/Toolchains/XcodeDefault.xctoolchain/usr/bin
 "/Applications/Xcode.app/Contents/Developer/Toolchains/XcodeDefault.xctoolchain/usr/bin/ld" -demangle -dynamic -arch x86_64 -macosx_version_min 10.11.0 -o cmTC_80d01 -search_paths_first -headerpad_max_install_names -v CMakeFiles/cmTC_80d01.dir/CMakeCCompilerABI.c.o -lSystem /Applications/Xcode.app/Contents/Developer/Toolchains/XcodeDefault.xctoolchain/usr/bin/../lib/clang/7.3.0/lib/darwin/libclang_rt.osx.a
@(#)PROGRAM:ld  PROJECT:ld64-264.3.101
configured to support archs: armv6 armv7 armv7s arm64 i386 x86_64 x86_64h armv6m armv7k armv7m armv7em (tvOS)
Library search paths:
	/usr/lib
	/usr/local/lib
Framework search paths:
	/Library/Frameworks/
	/System/Library/Frameworks/


Parsed C implicit link information from above output:
  link line regex: [^( *|.*[/\])(ld|([^/\]+-)?ld|collect2)[^/\]*( |$)]
  ignore line: [Change Dir: /Users/jschultz/Source/wxde/metro4j/build/CMakeFiles/CMakeTmp]
  ignore line: []
  ignore line: [Run Build Command:"/usr/bin/make" "cmTC_80d01/fast"]
  ignore line: [/Applications/Xcode.app/Contents/Developer/usr/bin/make -f CMakeFiles/cmTC_80d01.dir/build.make CMakeFiles/cmTC_80d01.dir/build]
  ignore line: [Building C object CMakeFiles/cmTC_80d01.dir/CMakeCCompilerABI.c.o]
  ignore line: [/Applications/Xcode.app/Contents/Developer/Toolchains/XcodeDefault.xctoolchain/usr/bin/cc     -o CMakeFiles/cmTC_80d01.dir/CMakeCCompilerABI.c.o   -c /usr/local/Cellar/cmake/3.5.0/share/cmake/Modules/CMakeCCompilerABI.c]
  ignore line: [Linking C executable cmTC_80d01]
  ignore line: [/usr/local/Cellar/cmake/3.5.0/bin/cmake -E cmake_link_script CMakeFiles/cmTC_80d01.dir/link.txt --verbose=1]
  ignore line: [/Applications/Xcode.app/Contents/Developer/Toolchains/XcodeDefault.xctoolchain/usr/bin/cc    -Wl,-search_paths_first -Wl,-headerpad_max_install_names  -v -Wl,-v CMakeFiles/cmTC_80d01.dir/CMakeCCompilerABI.c.o  -o cmTC_80d01   ]
  ignore line: [Apple LLVM version 7.3.0 (clang-703.0.29)]
  ignore line: [Target: x86_64-apple-darwin15.4.0]
  ignore line: [Thread model: posix]
  ignore line: [InstalledDir: /Applications/Xcode.app/Contents/Developer/Toolchains/XcodeDefault.xctoolchain/usr/bin]
  link line: [ "/Applications/Xcode.app/Contents/Developer/Toolchains/XcodeDefault.xctoolchain/usr/bin/ld" -demangle -dynamic -arch x86_64 -macosx_version_min 10.11.0 -o cmTC_80d01 -search_paths_first -headerpad_max_install_names -v CMakeFiles/cmTC_80d01.dir/CMakeCCompilerABI.c.o -lSystem /Applications/Xcode.app/Contents/Developer/Toolchains/XcodeDefault.xctoolchain/usr/bin/../lib/clang/7.3.0/lib/darwin/libclang_rt.osx.a]
    arg [/Applications/Xcode.app/Contents/Developer/Toolchains/XcodeDefault.xctoolchain/usr/bin/ld] ==> ignore
    arg [-demangle] ==> ignore
    arg [-dynamic] ==> ignore
    arg [-arch] ==> ignore
    arg [x86_64] ==> ignore
    arg [-macosx_version_min] ==> ignore
    arg [10.11.0] ==> ignore
    arg [-o] ==> ignore
    arg [cmTC_80d01] ==> ignore
    arg [-search_paths_first] ==> ignore
    arg [-headerpad_max_install_names] ==> ignore
    arg [-v] ==> ignore
    arg [CMakeFiles/cmTC_80d01.dir/CMakeCCompilerABI.c.o] ==> ignore
    arg [-lSystem] ==> lib [System]
    arg [/Applications/Xcode.app/Contents/Developer/Toolchains/XcodeDefault.xctoolchain/usr/bin/../lib/clang/7.3.0/lib/darwin/libclang_rt.osx.a] ==> lib [/Applications/Xcode.app/Contents/Developer/Toolchains/XcodeDefault.xctoolchain/usr/bin/../lib/clang/7.3.0/lib/darwin/libclang_rt.osx.a]
  Library search paths: [;/usr/lib;/usr/local/lib]
  Framework search paths: [;/Library/Frameworks/;/System/Library/Frameworks/]
  remove lib [System]
  collapse lib [/Applications/Xcode.app/Contents/Developer/Toolchains/XcodeDefault.xctoolchain/usr/bin/../lib/clang/7.3.0/lib/darwin/libclang_rt.osx.a] ==> [/Applications/Xcode.app/Contents/Developer/Toolchains/XcodeDefault.xctoolchain/usr/lib/clang/7.3.0/lib/darwin/libclang_rt.osx.a]
  collapse library dir [/usr/lib] ==> [/usr/lib]
  collapse library dir [/usr/local/lib] ==> [/usr/local/lib]
  collapse framework dir [/Library/Frameworks/] ==> [/Library/Frameworks]
  collapse framework dir [/System/Library/Frameworks/] ==> [/System/Library/Frameworks]
  implicit libs: [/Applications/Xcode.app/Contents/Developer/Toolchains/XcodeDefault.xctoolchain/usr/lib/clang/7.3.0/lib/darwin/libclang_rt.osx.a]
  implicit dirs: [/usr/lib;/usr/local/lib]
  implicit fwks: [/Library/Frameworks;/System/Library/Frameworks]




Detecting C [-std=c11] compiler features compiled with the following output:
Change Dir: /Users/jschultz/Source/wxde/metro4j/build/CMakeFiles/CMakeTmp

Run Build Command:"/usr/bin/make" "cmTC_e510c/fast"
/Applications/Xcode.app/Contents/Developer/usr/bin/make -f CMakeFiles/cmTC_e510c.dir/build.make CMakeFiles/cmTC_e510c.dir/build
Building C object CMakeFiles/cmTC_e510c.dir/feature_tests.c.o
/Applications/Xcode.app/Contents/Developer/Toolchains/XcodeDefault.xctoolchain/usr/bin/cc    -std=c11 -o CMakeFiles/cmTC_e510c.dir/feature_tests.c.o   -c /Users/jschultz/Source/wxde/metro4j/build/CMakeFiles/feature_tests.c
Linking C executable cmTC_e510c
/usr/local/Cellar/cmake/3.5.0/bin/cmake -E cmake_link_script CMakeFiles/cmTC_e510c.dir/link.txt --verbose=1
/Applications/Xcode.app/Contents/Developer/Toolchains/XcodeDefault.xctoolchain/usr/bin/cc    -Wl,-search_paths_first -Wl,-headerpad_max_install_names   CMakeFiles/cmTC_e510c.dir/feature_tests.c.o  -o cmTC_e510c  


    Feature record: C_FEATURE:1c_function_prototypes
    Feature record: C_FEATURE:1c_restrict
    Feature record: C_FEATURE:1c_static_assert
    Feature record: C_FEATURE:1c_variadic_macros


Detecting C [-std=c99] compiler features compiled with the following output:
Change Dir: /Users/jschultz/Source/wxde/metro4j/build/CMakeFiles/CMakeTmp

Run Build Command:"/usr/bin/make" "cmTC_c6881/fast"
/Applications/Xcode.app/Contents/Developer/usr/bin/make -f CMakeFiles/cmTC_c6881.dir/build.make CMakeFiles/cmTC_c6881.dir/build
Building C object CMakeFiles/cmTC_c6881.dir/feature_tests.c.o
/Applications/Xcode.app/Contents/Developer/Toolchains/XcodeDefault.xctoolchain/usr/bin/cc    -std=c99 -o CMakeFiles/cmTC_c6881.dir/feature_tests.c.o   -c /Users/jschultz/Source/wxde/metro4j/build/CMakeFiles/feature_tests.c
Linking C executable cmTC_c6881
/usr/local/Cellar/cmake/3.5.0/bin/cmake -E cmake_link_script CMakeFiles/cmTC_c6881.dir/link.txt --verbose=1
/Applications/Xcode.app/Contents/Developer/Toolchains/XcodeDefault.xctoolchain/usr/bin/cc    -Wl,-search_paths_first -Wl,-headerpad_max_install_names   CMakeFiles/cmTC_c6881.dir/feature_tests.c.o  -o cmTC_c6881  


    Feature record: C_FEATURE:1c_function_prototypes
    Feature record: C_FEATURE:1c_restrict
    Feature record: C_FEATURE:0c_static_assert
    Feature record: C_FEATURE:1c_variadic_macros


Detecting C [-std=c90] compiler features compiled with the following output:
Change Dir: /Users/jschultz/Source/wxde/metro4j/build/CMakeFiles/CMakeTmp

Run Build Command:"/usr/bin/make" "cmTC_a78e7/fast"
/Applications/Xcode.app/Contents/Developer/usr/bin/make -f CMakeFiles/cmTC_a78e7.dir/build.make CMakeFiles/cmTC_a78e7.dir/build
Building C object CMakeFiles/cmTC_a78e7.dir/feature_tests.c.o
/Applications/Xcode.app/Contents/Developer/Toolchains/XcodeDefault.xctoolchain/usr/bin/cc    -std=c90 -o CMakeFiles/cmTC_a78e7.dir/feature_tests.c.o   -c /Users/jschultz/Source/wxde/metro4j/build/CMakeFiles/feature_tests.c
Linking C executable cmTC_a78e7
/usr/local/Cellar/cmake/3.5.0/bin/cmake -E cmake_link_script CMakeFiles/cmTC_a78e7.dir/link.txt --verbose=1
/Applications/Xcode.app/Contents/Developer/Toolchains/XcodeDefault.xctoolchain/usr/bin/cc    -Wl,-search_paths_first -Wl,-headerpad_max_install_names   CMakeFiles/cmTC_a78e7.dir/feature_tests.c.o  -o cmTC_a78e7  


    Feature record: C_FEATURE:1c_function_prototypes
    Feature record: C_FEATURE:0c_restrict
    Feature record: C_FEATURE:0c_static_assert
    Feature record: C_FEATURE:0c_variadic_macros
Determining if the Fortran compiler works passed with the following output:
Change Dir: /Users/jschultz/Source/wxde/metro4j/build/CMakeFiles/CMakeTmp

Run Build Command:"/usr/bin/make" "cmTC_92233/fast"
/Applications/Xcode.app/Contents/Developer/usr/bin/make -f CMakeFiles/cmTC_92233.dir/build.make CMakeFiles/cmTC_92233.dir/build
Building Fortran object CMakeFiles/cmTC_92233.dir/testFortranCompiler.f.o
/usr/local/bin/gfortran     -c /Users/jschultz/Source/wxde/metro4j/build/CMakeFiles/CMakeTmp/testFortranCompiler.f -o CMakeFiles/cmTC_92233.dir/testFortranCompiler.f.o
Linking Fortran executable cmTC_92233
/usr/local/Cellar/cmake/3.5.0/bin/cmake -E cmake_link_script CMakeFiles/cmTC_92233.dir/link.txt --verbose=1
/usr/local/bin/gfortran       CMakeFiles/cmTC_92233.dir/testFortranCompiler.f.o  -o cmTC_92233  


Detecting Fortran compiler ABI info compiled with the following output:
Change Dir: /Users/jschultz/Source/wxde/metro4j/build/CMakeFiles/CMakeTmp

Run Build Command:"/usr/bin/make" "cmTC_ae25d/fast"
/Applications/Xcode.app/Contents/Developer/usr/bin/make -f CMakeFiles/cmTC_ae25d.dir/build.make CMakeFiles/cmTC_ae25d.dir/build
Building Fortran object CMakeFiles/cmTC_ae25d.dir/CMakeFortranCompilerABI.F.o
/usr/local/bin/gfortran     -c /usr/local/Cellar/cmake/3.5.0/share/cmake/Modules/CMakeFortranCompilerABI.F -o CMakeFiles/cmTC_ae25d.dir/CMakeFortranCompilerABI.F.o
Linking Fortran executable cmTC_ae25d
/usr/local/Cellar/cmake/3.5.0/bin/cmake -E cmake_link_script CMakeFiles/cmTC_ae25d.dir/link.txt --verbose=1
/usr/local/bin/gfortran    -v -Wl,-v   CMakeFiles/cmTC_ae25d.dir/CMakeFortranCompilerABI.F.o  -o cmTC_ae25d   
Driving: /usr/local/bin/gfortran -mmacosx-version-min=10.11.4 -v -Wl,-v CMakeFiles/cmTC_ae25d.dir/CMakeFortranCompilerABI.F.o -o cmTC_ae25d -l gfortran -shared-libgcc
Using built-in specs.
COLLECT_GCC=/usr/local/bin/gfortran
COLLECT_LTO_WRAPPER=/usr/local/Cellar/gcc/5.3.0/libexec/gcc/x86_64-apple-darwin15.0.0/5.3.0/lto-wrapper
Target: x86_64-apple-darwin15.0.0
Configured with: ../configure --build=x86_64-apple-darwin15.0.0 --prefix=/usr/local/Cellar/gcc/5.3.0 --libdir=/usr/local/Cellar/gcc/5.3.0/lib/gcc/5 --enable-languages=c,c++,objc,obj-c++,fortran --program-suffix=-5 --with-gmp=/usr/local/opt/gmp --with-mpfr=/usr/local/opt/mpfr --with-mpc=/usr/local/opt/libmpc --with-isl=/usr/local/opt/isl --with-system-zlib --enable-libstdcxx-time=yes --enable-stage1-checking --enable-checking=release --enable-lto --with-build-config=bootstrap-debug --disable-werror --with-pkgversion='Homebrew gcc 5.3.0' --with-bugurl=https://github.com/Homebrew/homebrew/issues --enable-plugin --disable-nls --enable-multilib
Thread model: posix
gcc version 5.3.0 (Homebrew gcc 5.3.0) 
Reading specs from /usr/local/Cellar/gcc/5.3.0/lib/gcc/5/gcc/x86_64-apple-darwin15.0.0/5.3.0/../../../libgfortran.spec
rename spec lib to liborig
COLLECT_GCC_OPTIONS='-mmacosx-version-min=10.11.4' '-v' '-o' 'cmTC_ae25d' '-shared-libgcc' '-mtune=core2'
COMPILER_PATH=/usr/local/Cellar/gcc/5.3.0/libexec/gcc/x86_64-apple-darwin15.0.0/5.3.0/:/usr/local/Cellar/gcc/5.3.0/libexec/gcc/x86_64-apple-darwin15.0.0/5.3.0/:/usr/local/Cellar/gcc/5.3.0/libexec/gcc/x86_64-apple-darwin15.0.0/:/usr/local/Cellar/gcc/5.3.0/lib/gcc/5/gcc/x86_64-apple-darwin15.0.0/5.3.0/:/usr/local/Cellar/gcc/5.3.0/lib/gcc/5/gcc/x86_64-apple-darwin15.0.0/
LIBRARY_PATH=/usr/local/Cellar/gcc/5.3.0/lib/gcc/5/gcc/x86_64-apple-darwin15.0.0/5.3.0/:/usr/local/Cellar/gcc/5.3.0/lib/gcc/5/gcc/x86_64-apple-darwin15.0.0/5.3.0/../../../:/usr/lib/
COLLECT_GCC_OPTIONS='-mmacosx-version-min=10.11.4' '-v' '-o' 'cmTC_ae25d' '-shared-libgcc' '-mtune=core2'
 /usr/local/Cellar/gcc/5.3.0/libexec/gcc/x86_64-apple-darwin15.0.0/5.3.0/collect2 -dynamic -arch x86_64 -macosx_version_min 10.11.4 -weak_reference_mismatches non-weak -o cmTC_ae25d -L/usr/local/Cellar/gcc/5.3.0/lib/gcc/5/gcc/x86_64-apple-darwin15.0.0/5.3.0 -L/usr/local/Cellar/gcc/5.3.0/lib/gcc/5/gcc/x86_64-apple-darwin15.0.0/5.3.0/../../.. -v CMakeFiles/cmTC_ae25d.dir/CMakeFortranCompilerABI.F.o -lgfortran -no_compact_unwind -lSystem -lgcc_ext.10.5 -lgcc -lquadmath -lm -lgcc_ext.10.5 -lgcc -lSystem -v
collect2 version 5.3.0
/usr/bin/ld -dynamic -arch x86_64 -macosx_version_min 10.11.4 -weak_reference_mismatches non-weak -o cmTC_ae25d -L/usr/local/Cellar/gcc/5.3.0/lib/gcc/5/gcc/x86_64-apple-darwin15.0.0/5.3.0 -L/usr/local/Cellar/gcc/5.3.0/lib/gcc/5/gcc/x86_64-apple-darwin15.0.0/5.3.0/../../.. -v CMakeFiles/cmTC_ae25d.dir/CMakeFortranCompilerABI.F.o -lgfortran -no_compact_unwind -lSystem -lgcc_ext.10.5 -lgcc -lquadmath -lm -lgcc_ext.10.5 -lgcc -lSystem -v
@(#)PROGRAM:ld  PROJECT:ld64-264.3.101
configured to support archs: armv6 armv7 armv7s arm64 i386 x86_64 x86_64h armv6m armv7k armv7m armv7em (tvOS)
@(#)PROGRAM:ld  PROJECT:ld64-264.3.101
configured to support archs: armv6 armv7 armv7s arm64 i386 x86_64 x86_64h armv6m armv7k armv7m armv7em (tvOS)
Library search paths:
	/usr/local/Cellar/gcc/5.3.0/lib/gcc/5/gcc/x86_64-apple-darwin15.0.0/5.3.0
	/usr/local/Cellar/gcc/5.3.0/lib/gcc/5
	/usr/lib
	/usr/local/lib
Framework search paths:
	/Library/Frameworks/
	/System/Library/Frameworks/
 /usr/local/bin/gnm -n CMakeFiles/cmTC_ae25d.dir/CMakeFortranCompilerABI.F.o


Parsed Fortran implicit link information from above output:
  link line regex: [^( *|.*[/\])(ld|([^/\]+-)?ld|collect2)[^/\]*( |$)]
  ignore line: [Change Dir: /Users/jschultz/Source/wxde/metro4j/build/CMakeFiles/CMakeTmp]
  ignore line: []
  ignore line: [Run Build Command:"/usr/bin/make" "cmTC_ae25d/fast"]
  ignore line: [/Applications/Xcode.app/Contents/Developer/usr/bin/make -f CMakeFiles/cmTC_ae25d.dir/build.make CMakeFiles/cmTC_ae25d.dir/build]
  ignore line: [Building Fortran object CMakeFiles/cmTC_ae25d.dir/CMakeFortranCompilerABI.F.o]
  ignore line: [/usr/local/bin/gfortran     -c /usr/local/Cellar/cmake/3.5.0/share/cmake/Modules/CMakeFortranCompilerABI.F -o CMakeFiles/cmTC_ae25d.dir/CMakeFortranCompilerABI.F.o]
  ignore line: [Linking Fortran executable cmTC_ae25d]
  ignore line: [/usr/local/Cellar/cmake/3.5.0/bin/cmake -E cmake_link_script CMakeFiles/cmTC_ae25d.dir/link.txt --verbose=1]
  ignore line: [/usr/local/bin/gfortran    -v -Wl,-v   CMakeFiles/cmTC_ae25d.dir/CMakeFortranCompilerABI.F.o  -o cmTC_ae25d   ]
  ignore line: [Driving: /usr/local/bin/gfortran -mmacosx-version-min=10.11.4 -v -Wl,-v CMakeFiles/cmTC_ae25d.dir/CMakeFortranCompilerABI.F.o -o cmTC_ae25d -l gfortran -shared-libgcc]
  ignore line: [Using built-in specs.]
  ignore line: [COLLECT_GCC=/usr/local/bin/gfortran]
  ignore line: [COLLECT_LTO_WRAPPER=/usr/local/Cellar/gcc/5.3.0/libexec/gcc/x86_64-apple-darwin15.0.0/5.3.0/lto-wrapper]
  ignore line: [Target: x86_64-apple-darwin15.0.0]
  ignore line: [Configured with: ../configure --build=x86_64-apple-darwin15.0.0 --prefix=/usr/local/Cellar/gcc/5.3.0 --libdir=/usr/local/Cellar/gcc/5.3.0/lib/gcc/5 --enable-languages=c,c++,objc,obj-c++,fortran --program-suffix=-5 --with-gmp=/usr/local/opt/gmp --with-mpfr=/usr/local/opt/mpfr --with-mpc=/usr/local/opt/libmpc --with-isl=/usr/local/opt/isl --with-system-zlib --enable-libstdcxx-time=yes --enable-stage1-checking --enable-checking=release --enable-lto --with-build-config=bootstrap-debug --disable-werror --with-pkgversion='Homebrew gcc 5.3.0' --with-bugurl=https://github.com/Homebrew/homebrew/issues --enable-plugin --disable-nls --enable-multilib]
  ignore line: [Thread model: posix]
  ignore line: [gcc version 5.3.0 (Homebrew gcc 5.3.0) ]
  ignore line: [Reading specs from /usr/local/Cellar/gcc/5.3.0/lib/gcc/5/gcc/x86_64-apple-darwin15.0.0/5.3.0/../../../libgfortran.spec]
  ignore line: [rename spec lib to liborig]
  ignore line: [COLLECT_GCC_OPTIONS='-mmacosx-version-min=10.11.4' '-v' '-o' 'cmTC_ae25d' '-shared-libgcc' '-mtune=core2']
  ignore line: [COMPILER_PATH=/usr/local/Cellar/gcc/5.3.0/libexec/gcc/x86_64-apple-darwin15.0.0/5.3.0/:/usr/local/Cellar/gcc/5.3.0/libexec/gcc/x86_64-apple-darwin15.0.0/5.3.0/:/usr/local/Cellar/gcc/5.3.0/libexec/gcc/x86_64-apple-darwin15.0.0/:/usr/local/Cellar/gcc/5.3.0/lib/gcc/5/gcc/x86_64-apple-darwin15.0.0/5.3.0/:/usr/local/Cellar/gcc/5.3.0/lib/gcc/5/gcc/x86_64-apple-darwin15.0.0/]
  ignore line: [LIBRARY_PATH=/usr/local/Cellar/gcc/5.3.0/lib/gcc/5/gcc/x86_64-apple-darwin15.0.0/5.3.0/:/usr/local/Cellar/gcc/5.3.0/lib/gcc/5/gcc/x86_64-apple-darwin15.0.0/5.3.0/../../../:/usr/lib/]
  ignore line: [COLLECT_GCC_OPTIONS='-mmacosx-version-min=10.11.4' '-v' '-o' 'cmTC_ae25d' '-shared-libgcc' '-mtune=core2']
  link line: [ /usr/local/Cellar/gcc/5.3.0/libexec/gcc/x86_64-apple-darwin15.0.0/5.3.0/collect2 -dynamic -arch x86_64 -macosx_version_min 10.11.4 -weak_reference_mismatches non-weak -o cmTC_ae25d -L/usr/local/Cellar/gcc/5.3.0/lib/gcc/5/gcc/x86_64-apple-darwin15.0.0/5.3.0 -L/usr/local/Cellar/gcc/5.3.0/lib/gcc/5/gcc/x86_64-apple-darwin15.0.0/5.3.0/../../.. -v CMakeFiles/cmTC_ae25d.dir/CMakeFortranCompilerABI.F.o -lgfortran -no_compact_unwind -lSystem -lgcc_ext.10.5 -lgcc -lquadmath -lm -lgcc_ext.10.5 -lgcc -lSystem -v]
    arg [/usr/local/Cellar/gcc/5.3.0/libexec/gcc/x86_64-apple-darwin15.0.0/5.3.0/collect2] ==> ignore
    arg [-dynamic] ==> ignore
    arg [-arch] ==> ignore
    arg [x86_64] ==> ignore
    arg [-macosx_version_min] ==> ignore
    arg [10.11.4] ==> ignore
    arg [-weak_reference_mismatches] ==> ignore
    arg [non-weak] ==> ignore
    arg [-o] ==> ignore
    arg [cmTC_ae25d] ==> ignore
    arg [-L/usr/local/Cellar/gcc/5.3.0/lib/gcc/5/gcc/x86_64-apple-darwin15.0.0/5.3.0] ==> dir [/usr/local/Cellar/gcc/5.3.0/lib/gcc/5/gcc/x86_64-apple-darwin15.0.0/5.3.0]
    arg [-L/usr/local/Cellar/gcc/5.3.0/lib/gcc/5/gcc/x86_64-apple-darwin15.0.0/5.3.0/../../..] ==> dir [/usr/local/Cellar/gcc/5.3.0/lib/gcc/5/gcc/x86_64-apple-darwin15.0.0/5.3.0/../../..]
    arg [-v] ==> ignore
    arg [CMakeFiles/cmTC_ae25d.dir/CMakeFortranCompilerABI.F.o] ==> ignore
    arg [-lgfortran] ==> lib [gfortran]
    arg [-no_compact_unwind] ==> ignore
    arg [-lSystem] ==> lib [System]
    arg [-lgcc_ext.10.5] ==> lib [gcc_ext.10.5]
    arg [-lgcc] ==> lib [gcc]
    arg [-lquadmath] ==> lib [quadmath]
    arg [-lm] ==> lib [m]
    arg [-lgcc_ext.10.5] ==> lib [gcc_ext.10.5]
    arg [-lgcc] ==> lib [gcc]
    arg [-lSystem] ==> lib [System]
    arg [-v] ==> ignore
  Library search paths: [;/usr/local/Cellar/gcc/5.3.0/lib/gcc/5/gcc/x86_64-apple-darwin15.0.0/5.3.0;/usr/local/Cellar/gcc/5.3.0/lib/gcc/5;/usr/lib;/usr/local/lib]
  Framework search paths: [;/Library/Frameworks/;/System/Library/Frameworks/]
  remove lib [System]
  remove lib [gcc_ext.10.5]
  remove lib [gcc]
  remove lib [gcc_ext.10.5]
  remove lib [gcc]
  remove lib [System]
  collapse library dir [/usr/local/Cellar/gcc/5.3.0/lib/gcc/5/gcc/x86_64-apple-darwin15.0.0/5.3.0] ==> [/usr/local/Cellar/gcc/5.3.0/lib/gcc/5/gcc/x86_64-apple-darwin15.0.0/5.3.0]
  collapse library dir [/usr/local/Cellar/gcc/5.3.0/lib/gcc/5/gcc/x86_64-apple-darwin15.0.0/5.3.0/../../..] ==> [/usr/local/Cellar/gcc/5.3.0/lib/gcc/5]
  collapse library dir [/usr/local/Cellar/gcc/5.3.0/lib/gcc/5/gcc/x86_64-apple-darwin15.0.0/5.3.0] ==> [/usr/local/Cellar/gcc/5.3.0/lib/gcc/5/gcc/x86_64-apple-darwin15.0.0/5.3.0]
  collapse library dir [/usr/local/Cellar/gcc/5.3.0/lib/gcc/5] ==> [/usr/local/Cellar/gcc/5.3.0/lib/gcc/5]
  collapse library dir [/usr/lib] ==> [/usr/lib]
  collapse library dir [/usr/local/lib] ==> [/usr/local/lib]
  collapse framework dir [/Library/Frameworks/] ==> [/Library/Frameworks]
  collapse framework dir [/System/Library/Frameworks/] ==> [/System/Library/Frameworks]
  implicit libs: [gfortran;quadmath;m]
  implicit dirs: [/usr/local/Cellar/gcc/5.3.0/lib/gcc/5/gcc/x86_64-apple-darwin15.0.0/5.3.0;/usr/local/Cellar/gcc/5.3.0/lib/gcc/5;/usr/lib;/usr/local/lib]
  implicit fwks: [/Library/Frameworks;/System/Library/Frameworks]


Determining if the Fortran compiler supports Fortran 90 passed with the following output:
Change Dir: /Users/jschultz/Source/wxde/metro4j/build/CMakeFiles/CMakeTmp

Run Build Command:"/usr/bin/make" "cmTC_9c8a6/fast"
/Applications/Xcode.app/Contents/Developer/usr/bin/make -f CMakeFiles/cmTC_9c8a6.dir/build.make CMakeFiles/cmTC_9c8a6.dir/build
Building Fortran object CMakeFiles/cmTC_9c8a6.dir/testFortranCompilerF90.f90.o
/usr/local/bin/gfortran     -c /Users/jschultz/Source/wxde/metro4j/build/CMakeFiles/CMakeTmp/testFortranCompilerF90.f90 -o CMakeFiles/cmTC_9c8a6.dir/testFortranCompilerF90.f90.o
Linking Fortran executable cmTC_9c8a6
/usr/local/Cellar/cmake/3.5.0/bin/cmake -E cmake_link_script CMakeFiles/cmTC_9c8a6.dir/link.txt --verbose=1
/usr/local/bin/gfortran       CMakeFiles/cmTC_9c8a6.dir/testFortranCompilerF90.f90.o  -o cmTC_9c8a6  


